timestamp: 2016-10-30T11:34:36.635463
CREATE TABLE web2py_session_web2py_start_2016(
    id INTEGER PRIMARY KEY AUTOINCREMENT,
    locked CHAR(1),
    client_ip CHAR(64),
    created_datetime TIMESTAMP,
    modified_datetime TIMESTAMP,
    unique_key CHAR(64),
    session_data BLOB
);
success!
timestamp: 2016-10-30T11:34:36.733576
CREATE TABLE auth_user(
    id INTEGER PRIMARY KEY AUTOINCREMENT,
    first_name CHAR(128),
    last_name CHAR(128),
    email CHAR(512),
    password CHAR(512),
    registration_key CHAR(512),
    reset_password_key CHAR(512),
    registration_id CHAR(512)
);
success!
timestamp: 2016-10-30T11:34:36.816376
CREATE TABLE auth_group(
    id INTEGER PRIMARY KEY AUTOINCREMENT,
    role CHAR(512),
    description TEXT
);
success!
timestamp: 2016-10-30T11:34:36.951406
CREATE TABLE auth_membership(
    id INTEGER PRIMARY KEY AUTOINCREMENT,
    user_id INTEGER REFERENCES auth_user (id) ON DELETE CASCADE  ,
    group_id INTEGER REFERENCES auth_group (id) ON DELETE CASCADE  
);
success!
timestamp: 2016-10-30T11:34:37.050763
CREATE TABLE auth_permission(
    id INTEGER PRIMARY KEY AUTOINCREMENT,
    group_id INTEGER REFERENCES auth_group (id) ON DELETE CASCADE  ,
    name CHAR(512),
    table_name CHAR(512),
    record_id INTEGER
);
success!
timestamp: 2016-10-30T11:34:37.151014
CREATE TABLE auth_event(
    id INTEGER PRIMARY KEY AUTOINCREMENT,
    time_stamp TIMESTAMP,
    client_ip CHAR(512),
    user_id INTEGER REFERENCES auth_user (id) ON DELETE CASCADE  ,
    origin CHAR(512),
    description TEXT
);
success!
timestamp: 2016-10-30T11:34:37.293045
CREATE TABLE auth_cas(
    id INTEGER PRIMARY KEY AUTOINCREMENT,
    user_id INTEGER REFERENCES auth_user (id) ON DELETE CASCADE  ,
    created_on TIMESTAMP,
    service CHAR(512),
    ticket CHAR(512),
    renew CHAR(1)
);
success!
timestamp: 2016-10-30T11:34:37.386185
CREATE TABLE post(
    id INTEGER PRIMARY KEY AUTOINCREMENT,
    user_email CHAR(512),
    post_content TEXT,
    created_on TIMESTAMP,
    updated_on TIMESTAMP
);
success!
